<?xml version="1.0" encoding="UTF-8" ?>
<testsuite tests="15" failures="0" name="com.BBC_Framework.TestRunner.TestRunner" time="1.278" errors="0" skipped="14">
  <properties>
[...]
</properties>
  <testcase classname="Scenario: User must SignIn Before Commenting in BBC" name="Given BBC comment page is opened in a browser" time="0.072">
    <skipped/>
  </testcase>
  <testcase classname="Scenario: User must SignIn Before Commenting in BBC" name="Then Accept coopkies of BBC Comment Page" time="0.081">
    <skipped/>
  </testcase>
  <testcase classname="Scenario: User must SignIn Before Commenting in BBC" name="Then Verify the header of the BBC Comment Page" time="0.082">
    <skipped/>
  </testcase>
  <testcase classname="Scenario: User must SignIn Before Commenting in BBC" name="And Verify the URL of the Current Page" time="0.083">
    <skipped/>
  </testcase>
  <testcase classname="Scenario: User must SignIn Before Commenting in BBC" name="When User click on Comments button from the top" time="0.084">
    <skipped/>
  </testcase>
  <testcase classname="Scenario: User must SignIn Before Commenting in BBC" name="Then Verify User asked for Signin or register" time="0.084">
    <skipped/>
  </testcase>
  <testcase classname="Scenario: User must SignIn Before Commenting in BBC" name="When User click on signin button" time="0.085">
    <skipped/>
  </testcase>
  <testcase classname="Scenario: User must SignIn Before Commenting in BBC" name="Then BBC SignIn page appears" time="0.085">
    <skipped/>
  </testcase>
  <testcase classname="Scenario: User must SignIn Before Commenting in BBC" name="And Verify the header of the signIn Page" time="0.086">
    <skipped/>
  </testcase>
  <testcase classname="Scenario: User must SignIn Before Commenting in BBC" name="And Pass the valid signin credentials" time="0.088">
    <skipped/>
  </testcase>
  <testcase classname="Scenario: User must SignIn Before Commenting in BBC" name="And Click on signin button" time="0.088">
    <skipped/>
  </testcase>
  <testcase classname="Scenario: User must SignIn Before Commenting in BBC" name="Then Verify the URL of the Current Page" time="0.089">
    <skipped/>
  </testcase>
  <testcase classname="Scenario: User must SignIn Before Commenting in BBC" name="And Verify the sign out link" time="0.09">
    <skipped/>
  </testcase>
  <testcase classname="Scenario: User must SignIn Before Commenting in BBC" name="Scenario: User must SignIn Before Commenting in BBC" time="0.09">
    <skipped/>
  </testcase>
  <testcase classname="Scenario: User must SignIn Before Commenting in BBC" name="Scenario: User must SignIn Before Commenting in BBC" time="0.091"/>
</testsuite>